<?xml version="1.0" encoding="UTF-8"?>
<!-- Generated by org.testng.reporters.JUnitReportReporter -->
<testsuite hostname="DESKTOP-LPCAOOD" failures="0" tests="1" name="com.seleniumDec.dynamicTable" time="8.773" errors="0" timestamp="2023-12-09T13:58:49 EST" skipped="0">
  <testcase classname="com.seleniumDec.dynamicTable" name="tallest" time="8.773"/>
</testsuite> <!-- com.seleniumDec.dynamicTable -->
