<?xml version="1.0" encoding="UTF-8"?>
<!-- Generated by org.testng.reporters.JUnitReportReporter -->
<testsuite hostname="DESKTOP-LPCAOOD" failures="0" tests="1" name="com.seleniumDec.dynamicTable" time="0.028" errors="0" timestamp="2023-12-07T18:02:02 EST" skipped="0">
  <testcase classname="com.seleniumDec.dynamicTable" name="lastRow_ColnsVerify" time="0.028"/>
</testsuite> <!-- com.seleniumDec.dynamicTable -->
