<?xml version="1.0" encoding="UTF-8"?>
<!-- Generated by org.testng.reporters.JUnitReportReporter -->
<testsuite hostname="DESKTOP-LPCAOOD" failures="0" tests="1" name="com.seleniumDec.staticTable" time="4.881" errors="0" timestamp="2023-12-05T12:03:23 EST" skipped="0">
  <testcase classname="com.seleniumDec.staticTable" name="iterate" time="4.881"/>
</testsuite> <!-- com.seleniumDec.staticTable -->
