<?xml version="1.0" encoding="UTF-8"?>
<!-- Generated by org.testng.reporters.JUnitReportReporter -->
<testsuite hostname="DESKTOP-LPCAOOD" failures="0" tests="1" name="com.seleniumDec.dynamicTable" time="21.274" errors="0" timestamp="2023-12-05T12:38:48 EST" skipped="0">
  <testcase classname="com.seleniumDec.dynamicTable" name="dynamic_iterate" time="21.274"/>
</testsuite> <!-- com.seleniumDec.dynamicTable -->
