<?xml version="1.0" encoding="UTF-8"?>
<!-- Generated by org.testng.reporters.JUnitReportReporter -->
<testsuite hostname="DESKTOP-LPCAOOD" failures="0" tests="1" name="com.seleniumDec.AUTO_PRACTICE_FORM" time="10.215" errors="0" timestamp="2023-12-03T13:44:21 EST" skipped="0">
  <testcase classname="com.seleniumDec.AUTO_PRACTICE_FORM" name="automationForm" time="10.215"/>
</testsuite> <!-- com.seleniumDec.AUTO_PRACTICE_FORM -->
