<?xml version="1.0" encoding="UTF-8"?>
<!-- Generated by org.testng.reporters.JUnitReportReporter -->
<testsuite hostname="DESKTOP-LPCAOOD" failures="0" tests="1" name="com.seleniumDec.saucedemo" time="0.762" errors="0" timestamp="2024-01-04T17:09:28 EST" skipped="0">
  <testcase classname="com.seleniumDec.saucedemo" name="Login" time="0.762"/>
</testsuite> <!-- com.seleniumDec.saucedemo -->
