<?xml version="1.0" encoding="UTF-8"?>
<!-- Generated by org.testng.reporters.JUnitReportReporter -->
<testsuite hostname="DESKTOP-LPCAOOD" failures="0" tests="5" name="com.seleniumDec.eCommerceWeb" time="42.964" errors="0" timestamp="2023-12-16T12:30:54 EST" skipped="0">
  <testcase classname="com.seleniumDec.eCommerceWeb" name="Login" time="6.166"/>
  <testcase classname="com.seleniumDec.eCommerceWeb" name="search" time="5.784"/>
  <testcase classname="com.seleniumDec.eCommerceWeb" name="addToCart" time="12.473"/>
  <testcase classname="com.seleniumDec.eCommerceWeb" name="subtotal" time="4.066"/>
  <testcase classname="com.seleniumDec.eCommerceWeb" name="checkout" time="14.475"/>
</testsuite> <!-- com.seleniumDec.eCommerceWeb -->
