<?xml version="1.0" encoding="UTF-8"?>
<!-- Generated by org.testng.reporters.JUnitReportReporter -->
<testsuite hostname="DESKTOP-LPCAOOD" failures="0" tests="4" name="com.seleniumDec.saucedemo" time="13.334" errors="0" timestamp="2024-01-07T09:04:53 EST" skipped="0">
  <testcase classname="com.seleniumDec.saucedemo" name="Login" time="3.620"/>
  <testcase classname="com.seleniumDec.saucedemo" name="productPage" time="6.268"/>
  <testcase classname="com.seleniumDec.saucedemo" name="checkoutPage" time="3.335"/>
  <testcase classname="com.seleniumDec.saucedemo" name="thankPage" time="0.111"/>
</testsuite> <!-- com.seleniumDec.saucedemo -->
