<?xml version="1.0" encoding="UTF-8"?>
<!-- Generated by org.testng.reporters.JUnitReportReporter -->
<testsuite hostname="DESKTOP-LPCAOOD" failures="0" tests="1" name="com.seleniumDec.brokenLinks" time="76.915" errors="0" timestamp="2023-12-11T11:31:31 EST" skipped="0">
  <testcase classname="com.seleniumDec.brokenLinks" name="link" time="76.915"/>
</testsuite> <!-- com.seleniumDec.brokenLinks -->
