<?xml version="1.0" encoding="UTF-8"?>
<!-- Generated by org.testng.reporters.JUnitReportReporter -->
<testsuite hostname="DESKTOP-LPCAOOD" failures="0" tests="1" name="com.seleniumDec.staticTable" time="6.565" errors="0" timestamp="2023-12-04T21:51:31 EST" skipped="0">
  <testcase classname="com.seleniumDec.staticTable" name="iterate" time="6.565"/>
</testsuite> <!-- com.seleniumDec.staticTable -->
