<?xml version="1.0" encoding="UTF-8"?>
<!-- Generated by org.testng.reporters.JUnitReportReporter -->
<testsuite hostname="DESKTOP-LPCAOOD" failures="0" tests="1" name="com.seleniumDec.AUTO_PRACTICE_FORM" time="29.002" errors="0" timestamp="2023-12-04T21:37:24 EST" skipped="0">
  <testcase classname="com.seleniumDec.AUTO_PRACTICE_FORM" name="automationForm" time="29.002"/>
</testsuite> <!-- com.seleniumDec.AUTO_PRACTICE_FORM -->
