<?xml version="1.0" encoding="UTF-8"?>
<!-- Generated by org.testng.reporters.JUnitReportReporter -->
<testsuite hostname="DESKTOP-LPCAOOD" failures="0" tests="4" name="com.seleniumDec.eCommerceWeb" time="33.203" errors="0" timestamp="2023-12-13T17:08:18 EST" skipped="0">
  <testcase classname="com.seleniumDec.eCommerceWeb" name="Login" time="11.809"/>
  <testcase classname="com.seleniumDec.eCommerceWeb" name="search" time="8.000"/>
  <testcase classname="com.seleniumDec.eCommerceWeb" name="addToCart" time="13.371"/>
  <testcase classname="com.seleniumDec.eCommerceWeb" name="subtotal" time="0.023"/>
</testsuite> <!-- com.seleniumDec.eCommerceWeb -->
